<?xml version="1.0" encoding="UTF-8"?>
<testsuites>
  <testsuite errors="0" failures="0" name="Elixir.Operately.ExampleTest" tests="2" time="0.0100">
    <properties>
      <property name="date" value="2026-01-01T00:00:01Z"/>
      <property name="seed" value="12345"/>
    </properties>
    <testcase classname="Elixir.Operately.ExampleTest" file="test/operately/example_test.exs:1" name="test one" time="0.0050"/>
    <testcase classname="Elixir.Operately.ExampleTest" file="test/operately/example_test.exs:2" name="test two" time="0.0050"/>
  </testsuite>
</testsuites>
